<?xml version="1.0" encoding="UTF-8"?>
<!-- Generated by org.testng.reporters.JUnitReportReporter -->
<testsuite hostname="ip-172-31-27-78" failures="0" tests="1" name="com.simplilearn.testng.TestNG" time="66.854" errors="0" timestamp="13 Mar 2023 14:38:30 GMT" skipped="0">
  <testcase classname="com.simplilearn.testng.TestNG" name="lunchapplication" time="66.854"/>
</testsuite> <!-- com.simplilearn.testng.TestNG -->
